Running client...

CC Alg 13
g_done_timer 60000000000
g_thread_cnt 4
g_abort_penalty 10000000
g_zipf_theta 0.000000
g_node_id 2
g_client_rem_thread_cnt 2
g_client_send_thread_cnt 2
g_max_txn_per_part 512
g_load_per_server 100
g_inflight_max 640
g_mpr 1.000000
g_mpitem 0.010000
g_part_per_txn 2
g_req_per_query 16
g_client_node_cnt 2
g_rem_thread_cnt 2
g_send_thread_cnt 2
g_client_thread_cnt 4
g_num_wh 8
g_perc_payment 0.500000
g_wh_update 1
g_part_cnt 2
g_node_cnt 2
g_thread_cnt 4
g_query_intvl 1
g_prt_lat_distr 0
g_part_alloc 1
g_mem_pad 1
g_perc_multi_part 1.000000
g_tup_read_perc 0.500000
g_tup_write_perc 0.500000
g_txn_read_perc 0.500000
g_txn_write_perc 0.500000
g_synth_table_size 2400
g_max_part_key 20000
g_max_product_key 2000
g_max_supplier_key 2000
g_field_per_tuple 10
g_data_perc 100.000000
g_access_perc 100.000000
g_strict_ppt 1
g_network_delay 0
g_total_thread_cnt 8
g_total_client_thread_cnt 8
g_total_node_cnt 4
g_seq_batch_time_limit 5000000
Node 2: servicing 1 total nodes starting with node 0
Random seed: 381415477986
Initializing stats... Done
Initializing transport manager... Tport Init 2: 10
Reading ifconfig file: ./ifconfig.txt
0: 10.142.0.3
1: 10.142.0.28
2: 10.142.0.37
3: 10.142.0.56
Port ID:  0, 0 -> 2 : 17008
Sock Binding to tcp://10.142.0.37:17008 2
Port ID:  1, 0 -> 2 : 17024
Sock Binding to tcp://10.142.0.37:17024 2
Port ID:  0, 2 -> 0 : 17002
Sock Connecting to tcp://10.142.0.3:17002 2 -> 0
Port ID:  1, 2 -> 0 : 17018
Sock Connecting to tcp://10.142.0.3:17018 2 -> 0
Port ID:  0, 1 -> 2 : 17009
Sock Binding to tcp://10.142.0.37:17009 2
Port ID:  1, 1 -> 2 : 17025
Sock Binding to tcp://10.142.0.37:17025 2
Port ID:  0, 2 -> 1 : 17006
Sock Connecting to tcp://10.142.0.28:17006 2 -> 1
Port ID:  1, 2 -> 1 : 17022
Sock Connecting to tcp://10.142.0.28:17022 2 -> 1
Port ID:  0, 3 -> 2 : 17011
Sock Binding to tcp://10.142.0.37:17011 2
Port ID:  1, 3 -> 2 : 17027
Sock Binding to tcp://10.142.0.37:17027 2
Port ID:  0, 2 -> 3 : 17014
Sock Connecting to tcp://10.142.0.56:17014 2 -> 3
Port ID:  1, 2 -> 3 : 17030
Sock Connecting to tcp://10.142.0.56:17030 2 -> 3
Done
Initializing client manager... workload initialized!
Initializing simulation... Done
Done
Initializing work queue... Done
Initializing msg pool... Done
Initializing message queue... Done
Initializing client query queue... Done
Initialization Time = 25792730, all_thd_cnt(client)=8
Setup 2:0
Setup 2:1
Setup 2:2
Setup 2:3
Setup 2:5
Setup 2:6
Setup 2:4
Setup 2:7
Send INIT_DONE to 0
Running 2:1
Running 2:3
Send INIT_DONE to 1
Send INIT_DONE to 3
Running 2:0
Running 2:2
Received INIT_DONE from node 0
Received INIT_DONE from node 1
Received INIT_DONE from node 3
Running 2:4
Running 2:6
Running 2:5
Running 2:7
Starttime set to 381493831195
Running ClientThread 1
Running ClientThread 3
Running ClientThread 2
N_2: Running OutputThread 7
Running ClientThread 0
N_2: Running InputThread 5
N_2: Running OutputThread 6
N_2: Running InputThread 4
[prog] total_runtime=0.000000,tput=0.000000,txn_cnt=0,txn_sent_cnt=0,txn_run_time=0.000000,txn_run_avg_time=0.000000,cl_send_intv=0.000000,msg_queue_delay_time=0.000000,msg_queue_cnt=0,msg_queue_enq_cnt=0,msg_queue_delay_time_avg=0.000000,msg_send_time=0.000000,msg_send_time_avg=0.000000,msg_recv_time=0.000000,msg_recv_time_avg=0.000000,msg_recv_idle_time=0.000000,msg_batch_cnt=0,msg_batch_size_msgs=0,msg_batch_size_msgs_avg=0.000000,msg_batch_size_bytes=0,msg_batch_size_bytes_avg=0.000000,msg_batch_size_bytes_to_server=0,msg_batch_size_bytes_to_client=0,msg_send_cnt=0,msg_recv_cnt=0,msg_unpack_time=0.000000,msg_unpack_time_avg=0.000000,mbuf_send_intv_time=0.000000,mbuf_send_intv_time_avg=0.000000,msg_copy_output_time=0.000000,virt_mem_usage=165396,phys_mem_usage=33584,cpu_ttl=0.000037
tif_node0=640, 
[prog] total_runtime=0.000000,tput=0.000000,txn_cnt=0,txn_sent_cnt=0,txn_run_time=0.000000,txn_run_avg_time=0.000000,cl_send_intv=0.000000,msg_queue_delay_time=0.000000,msg_queue_cnt=0,msg_queue_enq_cnt=0,msg_queue_delay_time_avg=0.000000,msg_send_time=0.000000,msg_send_time_avg=0.000000,msg_recv_time=0.000000,msg_recv_time_avg=0.000000,msg_recv_idle_time=0.000000,msg_batch_cnt=0,msg_batch_size_msgs=0,msg_batch_size_msgs_avg=0.000000,msg_batch_size_bytes=0,msg_batch_size_bytes_avg=0.000000,msg_batch_size_bytes_to_server=0,msg_batch_size_bytes_to_client=0,msg_send_cnt=0,msg_recv_cnt=0,msg_unpack_time=0.000000,msg_unpack_time_avg=0.000000,mbuf_send_intv_time=0.000000,mbuf_send_intv_time_avg=0.000000,msg_copy_output_time=0.000000,virt_mem_usage=189972,phys_mem_usage=55128,cpu_ttl=97.737730
tif_node0=640, 
[prog] total_runtime=0.000000,tput=0.000000,txn_cnt=0,txn_sent_cnt=0,txn_run_time=0.000000,txn_run_avg_time=0.000000,cl_send_intv=0.000000,msg_queue_delay_time=0.000000,msg_queue_cnt=0,msg_queue_enq_cnt=0,msg_queue_delay_time_avg=0.000000,msg_send_time=0.000000,msg_send_time_avg=0.000000,msg_recv_time=0.000000,msg_recv_time_avg=0.000000,msg_recv_idle_time=0.000000,msg_batch_cnt=0,msg_batch_size_msgs=0,msg_batch_size_msgs_avg=0.000000,msg_batch_size_bytes=0,msg_batch_size_bytes_avg=0.000000,msg_batch_size_bytes_to_server=0,msg_batch_size_bytes_to_client=0,msg_send_cnt=0,msg_recv_cnt=0,msg_unpack_time=0.000000,msg_unpack_time_avg=0.000000,mbuf_send_intv_time=0.000000,mbuf_send_intv_time_avg=0.000000,msg_copy_output_time=0.000000,virt_mem_usage=210452,phys_mem_usage=77464,cpu_ttl=98.159509
tif_node0=640, 
[prog] total_runtime=0.000000,tput=0.000000,txn_cnt=0,txn_sent_cnt=0,txn_run_time=0.000000,txn_run_avg_time=0.000000,cl_send_intv=0.000000,msg_queue_delay_time=0.000000,msg_queue_cnt=0,msg_queue_enq_cnt=0,msg_queue_delay_time_avg=0.000000,msg_send_time=0.000000,msg_send_time_avg=0.000000,msg_recv_time=0.000000,msg_recv_time_avg=0.000000,msg_recv_idle_time=0.000000,msg_batch_cnt=0,msg_batch_size_msgs=0,msg_batch_size_msgs_avg=0.000000,msg_batch_size_bytes=0,msg_batch_size_bytes_avg=0.000000,msg_batch_size_bytes_to_server=0,msg_batch_size_bytes_to_client=0,msg_send_cnt=0,msg_recv_cnt=0,msg_unpack_time=0.000000,msg_unpack_time_avg=0.000000,mbuf_send_intv_time=0.000000,mbuf_send_intv_time_avg=0.000000,msg_copy_output_time=0.000000,virt_mem_usage=230932,phys_mem_usage=100620,cpu_ttl=97.699387
tif_node0=640, 
[prog] total_runtime=0.000000,tput=0.000000,txn_cnt=0,txn_sent_cnt=0,txn_run_time=0.000000,txn_run_avg_time=0.000000,cl_send_intv=0.000000,msg_queue_delay_time=0.000000,msg_queue_cnt=0,msg_queue_enq_cnt=0,msg_queue_delay_time_avg=0.000000,msg_send_time=0.000000,msg_send_time_avg=0.000000,msg_recv_time=0.000000,msg_recv_time_avg=0.000000,msg_recv_idle_time=0.000000,msg_batch_cnt=0,msg_batch_size_msgs=0,msg_batch_size_msgs_avg=0.000000,msg_batch_size_bytes=0,msg_batch_size_bytes_avg=0.000000,msg_batch_size_bytes_to_server=0,msg_batch_size_bytes_to_client=0,msg_send_cnt=0,msg_recv_cnt=0,msg_unpack_time=0.000000,msg_unpack_time_avg=0.000000,mbuf_send_intv_time=0.000000,mbuf_send_intv_time_avg=0.000000,msg_copy_output_time=0.000000,virt_mem_usage=255508,phys_mem_usage=123444,cpu_ttl=97.741194
tif_node0=640, 
[prog] total_runtime=0.000000,tput=0.000000,txn_cnt=0,txn_sent_cnt=0,txn_run_time=0.000000,txn_run_avg_time=0.000000,cl_send_intv=0.000000,msg_queue_delay_time=0.000000,msg_queue_cnt=0,msg_queue_enq_cnt=0,msg_queue_delay_time_avg=0.000000,msg_send_time=0.000000,msg_send_time_avg=0.000000,msg_recv_time=0.000000,msg_recv_time_avg=0.000000,msg_recv_idle_time=0.000000,msg_batch_cnt=0,msg_batch_size_msgs=0,msg_batch_size_msgs_avg=0.000000,msg_batch_size_bytes=0,msg_batch_size_bytes_avg=0.000000,msg_batch_size_bytes_to_server=0,msg_batch_size_bytes_to_client=0,msg_send_cnt=0,msg_recv_cnt=0,msg_unpack_time=0.000000,msg_unpack_time_avg=0.000000,mbuf_send_intv_time=0.000000,mbuf_send_intv_time_avg=0.000000,msg_copy_output_time=0.000000,virt_mem_usage=280084,phys_mem_usage=147140,cpu_ttl=97.948620
tif_node0=640, 
[prog] total_runtime=0.000000,tput=0.000000,txn_cnt=0,txn_sent_cnt=0,txn_run_time=0.000000,txn_run_avg_time=0.000000,cl_send_intv=0.000000,msg_queue_delay_time=0.000000,msg_queue_cnt=0,msg_queue_enq_cnt=0,msg_queue_delay_time_avg=0.000000,msg_send_time=0.000000,msg_send_time_avg=0.000000,msg_recv_time=0.000000,msg_recv_time_avg=0.000000,msg_recv_idle_time=0.000000,msg_batch_cnt=0,msg_batch_size_msgs=0,msg_batch_size_msgs_avg=0.000000,msg_batch_size_bytes=0,msg_batch_size_bytes_avg=0.000000,msg_batch_size_bytes_to_server=0,msg_batch_size_bytes_to_client=0,msg_send_cnt=0,msg_recv_cnt=0,msg_unpack_time=0.000000,msg_unpack_time_avg=0.000000,mbuf_send_intv_time=0.000000,mbuf_send_intv_time_avg=0.000000,msg_copy_output_time=0.000000,virt_mem_usage=304660,phys_mem_usage=170704,cpu_ttl=97.795245
tif_node0=640, 
[prog] total_runtime=0.000000,tput=0.000000,txn_cnt=0,txn_sent_cnt=0,txn_run_time=0.000000,txn_run_avg_time=0.000000,cl_send_intv=0.000000,msg_queue_delay_time=0.000000,msg_queue_cnt=0,msg_queue_enq_cnt=0,msg_queue_delay_time_avg=0.000000,msg_send_time=0.000000,msg_send_time_avg=0.000000,msg_recv_time=0.000000,msg_recv_time_avg=0.000000,msg_recv_idle_time=0.000000,msg_batch_cnt=0,msg_batch_size_msgs=0,msg_batch_size_msgs_avg=0.000000,msg_batch_size_bytes=0,msg_batch_size_bytes_avg=0.000000,msg_batch_size_bytes_to_server=0,msg_batch_size_bytes_to_client=0,msg_send_cnt=0,msg_recv_cnt=0,msg_unpack_time=0.000000,msg_unpack_time_avg=0.000000,mbuf_send_intv_time=0.000000,mbuf_send_intv_time_avg=0.000000,msg_copy_output_time=0.000000,virt_mem_usage=325140,phys_mem_usage=193396,cpu_ttl=97.526840
tif_node0=640, 
[prog] total_runtime=0.000000,tput=0.000000,txn_cnt=0,txn_sent_cnt=0,txn_run_time=0.000000,txn_run_avg_time=0.000000,cl_send_intv=0.000000,msg_queue_delay_time=0.000000,msg_queue_cnt=0,msg_queue_enq_cnt=0,msg_queue_delay_time_avg=0.000000,msg_send_time=0.000000,msg_send_time_avg=0.000000,msg_recv_time=0.000000,msg_recv_time_avg=0.000000,msg_recv_idle_time=0.000000,msg_batch_cnt=0,msg_batch_size_msgs=0,msg_batch_size_msgs_avg=0.000000,msg_batch_size_bytes=0,msg_batch_size_bytes_avg=0.000000,msg_batch_size_bytes_to_server=0,msg_batch_size_bytes_to_client=0,msg_send_cnt=0,msg_recv_cnt=0,msg_unpack_time=0.000000,msg_unpack_time_avg=0.000000,mbuf_send_intv_time=0.000000,mbuf_send_intv_time_avg=0.000000,msg_copy_output_time=0.000000,virt_mem_usage=345620,phys_mem_usage=216176,cpu_ttl=97.871933
tif_node0=639, 
[prog] total_runtime=0.000000,tput=0.000000,txn_cnt=0,txn_sent_cnt=0,txn_run_time=0.000000,txn_run_avg_time=0.000000,cl_send_intv=0.000000,msg_queue_delay_time=0.000000,msg_queue_cnt=0,msg_queue_enq_cnt=0,msg_queue_delay_time_avg=0.000000,msg_send_time=0.000000,msg_send_time_avg=0.000000,msg_recv_time=0.000000,msg_recv_time_avg=0.000000,msg_recv_idle_time=0.000000,msg_batch_cnt=0,msg_batch_size_msgs=0,msg_batch_size_msgs_avg=0.000000,msg_batch_size_bytes=0,msg_batch_size_bytes_avg=0.000000,msg_batch_size_bytes_to_server=0,msg_batch_size_bytes_to_client=0,msg_send_cnt=0,msg_recv_cnt=0,msg_unpack_time=0.000000,msg_unpack_time_avg=0.000000,mbuf_send_intv_time=0.000000,mbuf_send_intv_time_avg=0.000000,msg_copy_output_time=0.000000,virt_mem_usage=374292,phys_mem_usage=238904,cpu_ttl=97.511485
tif_node0=640, 
[prog] total_runtime=0.000000,tput=0.000000,txn_cnt=0,txn_sent_cnt=0,txn_run_time=0.000000,txn_run_avg_time=0.000000,cl_send_intv=0.000000,msg_queue_delay_time=0.000000,msg_queue_cnt=0,msg_queue_enq_cnt=0,msg_queue_delay_time_avg=0.000000,msg_send_time=0.000000,msg_send_time_avg=0.000000,msg_recv_time=0.000000,msg_recv_time_avg=0.000000,msg_recv_idle_time=0.000000,msg_batch_cnt=0,msg_batch_size_msgs=0,msg_batch_size_msgs_avg=0.000000,msg_batch_size_bytes=0,msg_batch_size_bytes_avg=0.000000,msg_batch_size_bytes_to_server=0,msg_batch_size_bytes_to_client=0,msg_send_cnt=0,msg_recv_cnt=0,msg_unpack_time=0.000000,msg_unpack_time_avg=0.000000,mbuf_send_intv_time=0.000000,mbuf_send_intv_time_avg=0.000000,msg_copy_output_time=0.000000,virt_mem_usage=394772,phys_mem_usage=261740,cpu_ttl=97.833589
tif_node0=640, 
[prog] total_runtime=60.000050,tput=0.000000,txn_cnt=0,txn_sent_cnt=0,txn_run_time=0.000000,txn_run_avg_time=0.000000,cl_send_intv=0.000000,msg_queue_delay_time=0.000000,msg_queue_cnt=0,msg_queue_enq_cnt=0,msg_queue_delay_time_avg=0.000000,msg_send_time=0.000000,msg_send_time_avg=0.000000,msg_recv_time=0.000000,msg_recv_time_avg=0.000000,msg_recv_idle_time=0.000126,msg_batch_cnt=0,msg_batch_size_msgs=0,msg_batch_size_msgs_avg=0.000000,msg_batch_size_bytes=0,msg_batch_size_bytes_avg=0.000000,msg_batch_size_bytes_to_server=0,msg_batch_size_bytes_to_client=0,msg_send_cnt=0,msg_recv_cnt=0,msg_unpack_time=0.000000,msg_unpack_time_avg=0.000000,mbuf_send_intv_time=0.000000,mbuf_send_intv_time_avg=0.000000,msg_copy_output_time=0.000000,virt_mem_usage=419348,phys_mem_usage=285088,cpu_ttl=97.833589
tif_node0=640, 
[prog] total_runtime=65.000050,tput=2244.921337,txn_cnt=145920,txn_sent_cnt=145600,txn_run_time=3201.985682,txn_run_avg_time=0.021943,cl_send_intv=19.969714,msg_queue_delay_time=41.728840,msg_queue_cnt=145920,msg_queue_enq_cnt=145600,msg_queue_delay_time_avg=0.000286,msg_send_time=0.812334,msg_send_time_avg=0.000006,msg_recv_time=0.382017,msg_recv_time_avg=0.000003,msg_recv_idle_time=8.556599,msg_batch_cnt=145920,msg_batch_size_msgs=145920,msg_batch_size_msgs_avg=1.000000,msg_batch_size_bytes=458257152,msg_batch_size_bytes_avg=3140.000000,msg_batch_size_bytes_to_server=458257152,msg_batch_size_bytes_to_client=0,msg_send_cnt=145920,msg_recv_cnt=145920,msg_unpack_time=0.125047,msg_unpack_time_avg=0.000001,mbuf_send_intv_time=0.014850,mbuf_send_intv_time_avg=0.000000,msg_copy_output_time=0.318856,virt_mem_usage=443924,phys_mem_usage=312200,cpu_ttl=97.840214
tif_node0=640, 
[prog] total_runtime=70.000052,tput=4182.854028,txn_cnt=292800,txn_sent_cnt=292480,txn_run_time=6403.521728,txn_run_avg_time=0.021870,cl_send_intv=39.980747,msg_queue_delay_time=86.411389,msg_queue_cnt=292800,msg_queue_enq_cnt=292480,msg_queue_delay_time_avg=0.000295,msg_send_time=1.606038,msg_send_time_avg=0.000005,msg_recv_time=0.765834,msg_recv_time_avg=0.000003,msg_recv_idle_time=17.014289,msg_batch_cnt=292800,msg_batch_size_msgs=292800,msg_batch_size_msgs_avg=1.000000,msg_batch_size_bytes=919513344,msg_batch_size_bytes_avg=3140.000000,msg_batch_size_bytes_to_server=919513344,msg_batch_size_bytes_to_client=0,msg_send_cnt=292800,msg_recv_cnt=292800,msg_unpack_time=0.254135,msg_unpack_time_avg=0.000001,mbuf_send_intv_time=0.030164,mbuf_send_intv_time_avg=0.000000,msg_copy_output_time=0.650203,virt_mem_usage=476692,phys_mem_usage=339564,cpu_ttl=98.085758
tif_node0=640, 
[prog] total_runtime=75.000053,tput=5870.929205,txn_cnt=440320,txn_sent_cnt=440000,txn_run_time=9602.557934,txn_run_avg_time=0.021808,cl_send_intv=59.973758,msg_queue_delay_time=133.912315,msg_queue_cnt=440320,msg_queue_enq_cnt=440000,msg_queue_delay_time_avg=0.000304,msg_send_time=2.443888,msg_send_time_avg=0.000006,msg_recv_time=1.173343,msg_recv_time_avg=0.000003,msg_recv_idle_time=25.465960,msg_batch_cnt=440320,msg_batch_size_msgs=440320,msg_batch_size_msgs_avg=1.000000,msg_batch_size_bytes=1382779648,msg_batch_size_bytes_avg=3140.000000,msg_batch_size_bytes_to_server=1382779648,msg_batch_size_bytes_to_client=0,msg_send_cnt=440320,msg_recv_cnt=440320,msg_unpack_time=0.387199,msg_unpack_time_avg=0.000001,mbuf_send_intv_time=0.045636,mbuf_send_intv_time_avg=0.000000,msg_copy_output_time=0.976297,virt_mem_usage=497172,phys_mem_usage=362824,cpu_ttl=97.392638
tif_node0=640, 
[prog] total_runtime=80.000054,tput=7267.820094,txn_cnt=581426,txn_sent_cnt=580480,txn_run_time=12812.095706,txn_run_avg_time=0.022036,cl_send_intv=79.953872,msg_queue_delay_time=181.126927,msg_queue_cnt=581760,msg_queue_enq_cnt=580480,msg_queue_delay_time_avg=0.000311,msg_send_time=3.301284,msg_send_time_avg=0.000006,msg_recv_time=1.573129,msg_recv_time_avg=0.000003,msg_recv_idle_time=34.091980,msg_batch_cnt=581760,msg_batch_size_msgs=581760,msg_batch_size_msgs_avg=1.000000,msg_batch_size_bytes=1826992896,msg_batch_size_bytes_avg=3140.000000,msg_batch_size_bytes_to_server=1826992896,msg_batch_size_bytes_to_client=0,msg_send_cnt=581760,msg_recv_cnt=581426,msg_unpack_time=0.507635,msg_unpack_time_avg=0.000001,mbuf_send_intv_time=0.062124,mbuf_send_intv_time_avg=0.000000,msg_copy_output_time=1.286311,virt_mem_usage=546324,phys_mem_usage=393452,cpu_ttl=97.767176
tif_node0=640, 
[prog] total_runtime=85.000054,tput=8532.559245,txn_cnt=725268,txn_sent_cnt=724800,txn_run_time=16003.698983,txn_run_avg_time=0.022066,cl_send_intv=99.958821,msg_queue_delay_time=228.541660,msg_queue_cnt=725440,msg_queue_enq_cnt=724800,msg_queue_delay_time_avg=0.000315,msg_send_time=4.129294,msg_send_time_avg=0.000006,msg_recv_time=1.985729,msg_recv_time_avg=0.000003,msg_recv_idle_time=42.607239,msg_batch_cnt=725440,msg_batch_size_msgs=725440,msg_batch_size_msgs_avg=1.000000,msg_batch_size_bytes=2278214656,msg_batch_size_bytes_avg=3140.000000,msg_batch_size_bytes_to_server=2278214656,msg_batch_size_bytes_to_client=0,msg_send_cnt=725440,msg_recv_cnt=725268,msg_unpack_time=0.635745,msg_unpack_time_avg=0.000001,mbuf_send_intv_time=0.076536,mbuf_send_intv_time_avg=0.000000,msg_copy_output_time=1.601883,virt_mem_usage=558612,phys_mem_usage=416028,cpu_ttl=97.653846
tif_node0=640, 
[prog] total_runtime=90.000054,tput=9626.516402,txn_cnt=866387,txn_sent_cnt=865600,txn_run_time=19207.949393,txn_run_avg_time=0.022170,cl_send_intv=119.944336,msg_queue_delay_time=277.296978,msg_queue_cnt=866560,msg_queue_enq_cnt=865600,msg_queue_delay_time_avg=0.000320,msg_send_time=5.003652,msg_send_time_avg=0.000006,msg_recv_time=2.403089,msg_recv_time_avg=0.000003,msg_recv_idle_time=51.183078,msg_batch_cnt=866560,msg_batch_size_msgs=866560,msg_batch_size_msgs_avg=1.000000,msg_batch_size_bytes=2721379840,msg_batch_size_bytes_avg=3140.000000,msg_batch_size_bytes_to_server=2721379840,msg_batch_size_bytes_to_client=0,msg_send_cnt=866560,msg_recv_cnt=866387,msg_unpack_time=0.762465,msg_unpack_time_avg=0.000001,mbuf_send_intv_time=0.090837,mbuf_send_intv_time_avg=0.000000,msg_copy_output_time=1.911957,virt_mem_usage=587284,phys_mem_usage=437956,cpu_ttl=97.683767
tif_node0=640, 
[prog] total_runtime=95.000054,tput=10591.951822,txn_cnt=1006236,txn_sent_cnt=1005440,txn_run_time=22411.879416,txn_run_avg_time=0.022273,cl_send_intv=139.938514,msg_queue_delay_time=320.180462,msg_queue_cnt=1006400,msg_queue_enq_cnt=1005440,msg_queue_delay_time_avg=0.000318,msg_send_time=5.812973,msg_send_time_avg=0.000006,msg_recv_time=2.852543,msg_recv_time_avg=0.000003,msg_recv_idle_time=59.781256,msg_batch_cnt=1006400,msg_batch_size_msgs=1006400,msg_batch_size_msgs_avg=1.000000,msg_batch_size_bytes=3160540928,msg_batch_size_bytes_avg=3140.000000,msg_batch_size_bytes_to_server=3160540928,msg_batch_size_bytes_to_client=0,msg_send_cnt=1006400,msg_recv_cnt=1006236,msg_unpack_time=0.892534,msg_unpack_time_avg=0.000001,mbuf_send_intv_time=0.104824,mbuf_send_intv_time_avg=0.000000,msg_copy_output_time=2.215207,virt_mem_usage=607764,phys_mem_usage=460288,cpu_ttl=97.496177
tif_node0=640, 
[prog] total_runtime=100.000055,tput=11423.953713,txn_cnt=1142396,txn_sent_cnt=1140800,txn_run_time=25622.349771,txn_run_avg_time=0.022429,cl_send_intv=159.928243,msg_queue_delay_time=362.013524,msg_queue_cnt=1142976,msg_queue_enq_cnt=1140800,msg_queue_delay_time_avg=0.000317,msg_send_time=6.574350,msg_send_time_avg=0.000006,msg_recv_time=3.226551,msg_recv_time_avg=0.000003,msg_recv_idle_time=68.392564,msg_batch_cnt=1142975,msg_batch_size_msgs=1142975,msg_batch_size_msgs_avg=1.000000,msg_batch_size_bytes=3589440248,msg_batch_size_bytes_avg=3140.000000,msg_batch_size_bytes_to_server=3589440248,msg_batch_size_bytes_to_client=0,msg_send_cnt=1142975,msg_recv_cnt=1142396,msg_unpack_time=1.013228,msg_unpack_time_avg=0.000001,mbuf_send_intv_time=0.118516,mbuf_send_intv_time_avg=0.000000,msg_copy_output_time=2.515477,virt_mem_usage=656916,phys_mem_usage=498468,cpu_ttl=97.732470
tif_node0=640, 
[prog] total_runtime=105.000056,tput=12175.812546,txn_cnt=1278461,txn_sent_cnt=1277440,txn_run_time=28815.982310,txn_run_avg_time=0.022540,cl_send_intv=179.952224,msg_queue_delay_time=409.859964,msg_queue_cnt=1278821,msg_queue_enq_cnt=1277440,msg_queue_delay_time_avg=0.000320,msg_send_time=7.397324,msg_send_time_avg=0.000006,msg_recv_time=3.632049,msg_recv_time_avg=0.000003,msg_recv_idle_time=76.927969,msg_batch_cnt=1278820,msg_batch_size_msgs=1278820,msg_batch_size_msgs_avg=1.000000,msg_batch_size_bytes=4016056864,msg_batch_size_bytes_avg=3140.000000,msg_batch_size_bytes_to_server=4016056864,msg_batch_size_bytes_to_client=0,msg_send_cnt=1278820,msg_recv_cnt=1278461,msg_unpack_time=1.131934,msg_unpack_time_avg=0.000001,mbuf_send_intv_time=0.132496,mbuf_send_intv_time_avg=0.000000,msg_copy_output_time=2.820569,virt_mem_usage=665108,phys_mem_usage=519508,cpu_ttl=97.750000
tif_node0=640, 
[prog] total_runtime=110.000057,tput=12866.938743,txn_cnt=1415364,txn_sent_cnt=1413760,txn_run_time=32022.350854,txn_run_avg_time=0.022625,cl_send_intv=199.914902,msg_queue_delay_time=462.083943,msg_queue_cnt=1415680,msg_queue_enq_cnt=1413760,msg_queue_delay_time_avg=0.000326,msg_send_time=8.263567,msg_send_time_avg=0.000006,msg_recv_time=4.015780,msg_recv_time_avg=0.000003,msg_recv_idle_time=85.539335,msg_batch_cnt=1415680,msg_batch_size_msgs=1415680,msg_batch_size_msgs_avg=1.000000,msg_batch_size_bytes=4445894656,msg_batch_size_bytes_avg=3140.000000,msg_batch_size_bytes_to_server=4445894656,msg_batch_size_bytes_to_client=0,msg_send_cnt=1415680,msg_recv_cnt=1415364,msg_unpack_time=1.253268,msg_unpack_time_avg=0.000001,mbuf_send_intv_time=0.146774,mbuf_send_intv_time_avg=0.000000,msg_copy_output_time=3.130774,virt_mem_usage=685588,phys_mem_usage=541124,cpu_ttl=97.840214
tif_node0=640, 
[prog] total_runtime=115.000063,tput=13479.566555,txn_cnt=1550151,txn_sent_cnt=1548480,txn_run_time=35224.881341,txn_run_avg_time=0.022724,cl_send_intv=219.929844,msg_queue_delay_time=506.535947,msg_queue_cnt=1550720,msg_queue_enq_cnt=1548480,msg_queue_delay_time_avg=0.000327,msg_send_time=9.099535,msg_send_time_avg=0.000006,msg_recv_time=4.421855,msg_recv_time_avg=0.000003,msg_recv_idle_time=93.998632,msg_batch_cnt=1550720,msg_batch_size_msgs=1550720,msg_batch_size_msgs_avg=1.000000,msg_batch_size_bytes=4869969152,msg_batch_size_bytes_avg=3140.000000,msg_batch_size_bytes_to_server=4869969152,msg_batch_size_bytes_to_client=0,msg_send_cnt=1550720,msg_recv_cnt=1550152,msg_unpack_time=1.378461,msg_unpack_time_avg=0.000001,mbuf_send_intv_time=0.160246,mbuf_send_intv_time_avg=0.000000,msg_copy_output_time=3.420686,virt_mem_usage=706068,phys_mem_usage=563248,cpu_ttl=97.779479
tif_node0=640, 
CWT_3: Txns sent to node 0: 858535
FINISH 2:7
CWT_3: Total Txns sent = 858535 
FINISH 2:3
FINISH 2:6
FINISH 2:5
CWT_2: Txns sent to node 0: 861210
CWT_2: Total Txns sent = 861210 
FINISH 2:2
CWT_1: Txns sent to node 0: 848444
CWT_1: Total Txns sent = 848444 
FINISH 2:1
CWT_0: Txns sent to node 0: 855491
CWT_0: Total Txns sent = 855491 
FINISH 2:0
FINISH 2:4
CLIENT PASS! SimTime = 120053006611
[summary] total_runtime=60.000001,tput=28042.666357,txn_cnt=1682560,txn_sent_cnt=1682560,txn_run_time=38391.025197,txn_run_avg_time=0.022817,cl_send_intv=239.931074,msg_queue_delay_time=557.023193,msg_queue_cnt=1682560,msg_queue_enq_cnt=1682560,msg_queue_delay_time_avg=0.000331,msg_send_time=9.946998,msg_send_time_avg=0.000006,msg_recv_time=4.804744,msg_recv_time_avg=0.000003,msg_recv_idle_time=102.423962,msg_batch_cnt=1682560,msg_batch_size_msgs=1682560,msg_batch_size_msgs_avg=1.000000,msg_batch_size_bytes=5284009216,msg_batch_size_bytes_avg=3140.000000,msg_batch_size_bytes_to_server=5284009216,msg_batch_size_bytes_to_client=0,msg_send_cnt=1682560,msg_recv_cnt=1682560,msg_unpack_time=1.494825,msg_unpack_time_avg=0.000001,mbuf_send_intv_time=0.173942,mbuf_send_intv_time_avg=0.000000,msg_copy_output_time=3.720176,ccl0=0.008878,ccl1=0.018415,ccl10=0.019478,ccl25=0.019972,ccl50=0.020655,ccl75=0.022493,ccl90=0.029224,ccl95=0.031914,ccl96=0.033137,ccl97=0.034798,ccl98=0.036945,ccl99=0.045505,ccl100=0.253621,virt_mem_usage=693764,phys_mem_usage=582764,cpu_ttl=92.998534Working Dir.: /home/qadahtm/expodb-build
Node IP: 10.142.0.37, nid=2, node_type=Client
RC = 0